[debug] [2023-10-17T06:22:59.320Z] ----------------------------------------------------------------------
[debug] [2023-10-17T06:22:59.323Z] Command:       C:\Program Files\nodejs\node.exe C:\Users\ARGHYA\AppData\Roaming\npm\node_modules\firebase-tools\lib\bin\firebase.js deploy
[debug] [2023-10-17T06:22:59.326Z] CLI Version:   11.22.0
[debug] [2023-10-17T06:22:59.327Z] Platform:      win32
[debug] [2023-10-17T06:22:59.328Z] Node Version:  v18.10.0
[debug] [2023-10-17T06:22:59.340Z] Time:          Tue Oct 17 2023 11:52:59 GMT+0530 (India Standard Time)
[debug] [2023-10-17T06:22:59.341Z] ----------------------------------------------------------------------
[debug] 
[debug] [2023-10-17T06:22:59.354Z] >>> [apiv2][query] GET https://firebase-public.firebaseio.com/cli.json [none]
[debug] [2023-10-17T06:22:59.809Z] > command requires scopes: ["email","openid","https://www.googleapis.com/auth/cloudplatformprojects.readonly","https://www.googleapis.com/auth/firebase","https://www.googleapis.com/auth/cloud-platform"]
[debug] [2023-10-17T06:22:59.811Z] > authorizing via signed-in user (arghya.1530@gmail.com)
[debug] [2023-10-17T06:22:59.811Z] [iam] checking project arghyapal-ab for permissions ["firebase.projects.get","firebasehosting.sites.update"]
[debug] [2023-10-17T06:22:59.815Z] > refreshing access token with scopes: []
[debug] [2023-10-17T06:22:59.819Z] >>> [apiv2][query] POST https://www.googleapis.com/oauth2/v3/token [none]
[debug] [2023-10-17T06:22:59.820Z] >>> [apiv2][body] POST https://www.googleapis.com/oauth2/v3/token [omitted]
[debug] [2023-10-17T06:23:00.269Z] <<< [apiv2][status] POST https://www.googleapis.com/oauth2/v3/token 400
[debug] [2023-10-17T06:23:00.271Z] <<< [apiv2][body] POST https://www.googleapis.com/oauth2/v3/token [omitted]
[debug] [2023-10-17T06:23:00.272Z] >>> [apiv2][query] POST https://cloudresourcemanager.googleapis.com/v1/projects/arghyapal-ab:testIamPermissions [none]
[debug] [2023-10-17T06:23:00.273Z] >>> [apiv2][(partial)header] POST https://cloudresourcemanager.googleapis.com/v1/projects/arghyapal-ab:testIamPermissions x-goog-quota-user=projects/arghyapal-ab
[debug] [2023-10-17T06:23:00.273Z] >>> [apiv2][body] POST https://cloudresourcemanager.googleapis.com/v1/projects/arghyapal-ab:testIamPermissions {"permissions":["firebase.projects.get","firebasehosting.sites.update"]}
[debug] [2023-10-17T06:23:00.665Z] <<< [apiv2][status] GET https://firebase-public.firebaseio.com/cli.json 200
[debug] [2023-10-17T06:23:00.665Z] <<< [apiv2][body] GET https://firebase-public.firebaseio.com/cli.json {"cloudBuildErrorAfter":1594252800000,"cloudBuildWarnAfter":1590019200000,"defaultNode10After":1594252800000,"minVersion":"3.0.5","node8DeploysDisabledAfter":1613390400000,"node8RuntimeDisabledAfter":1615809600000,"node8WarnAfter":1600128000000}
[debug] [2023-10-17T06:23:01.884Z] <<< [apiv2][status] POST https://cloudresourcemanager.googleapis.com/v1/projects/arghyapal-ab:testIamPermissions 401
[debug] [2023-10-17T06:23:01.885Z] <<< [apiv2][body] POST https://cloudresourcemanager.googleapis.com/v1/projects/arghyapal-ab:testIamPermissions {"error":{"code":401,"message":"Request had invalid authentication credentials. Expected OAuth 2 access token, login cookie or other valid authentication credential. See https://developers.google.com/identity/sign-in/web/devconsole-project.","status":"UNAUTHENTICATED","details":[{"@type":"type.googleapis.com/google.rpc.ErrorInfo","reason":"ACCESS_TOKEN_TYPE_UNSUPPORTED","metadata":{"service":"cloudresourcemanager.googleapis.com","method":"google.cloudresourcemanager.v1.Projects.TestIamPermissions"}}]}}
[debug] [2023-10-17T06:23:01.887Z] [iam] error while checking permissions, command may fail: FirebaseError: HTTP Error: 401, Request had invalid authentication credentials. Expected OAuth 2 access token, login cookie or other valid authentication credential. See https://developers.google.com/identity/sign-in/web/devconsole-project.
[debug] [2023-10-17T06:23:01.889Z] > refreshing access token with scopes: []
[debug] [2023-10-17T06:23:01.891Z] >>> [apiv2][query] POST https://www.googleapis.com/oauth2/v3/token [none]
[debug] [2023-10-17T06:23:01.891Z] >>> [apiv2][body] POST https://www.googleapis.com/oauth2/v3/token [omitted]
[debug] [2023-10-17T06:23:02.189Z] <<< [apiv2][status] POST https://www.googleapis.com/oauth2/v3/token 400
[debug] [2023-10-17T06:23:02.189Z] <<< [apiv2][body] POST https://www.googleapis.com/oauth2/v3/token [omitted]
[debug] [2023-10-17T06:23:02.192Z] >>> [apiv2][query] GET https://firebase.googleapis.com/v1beta1/projects/arghyapal-ab [none]
[debug] [2023-10-17T06:23:02.703Z] <<< [apiv2][status] GET https://firebase.googleapis.com/v1beta1/projects/arghyapal-ab 401
[debug] [2023-10-17T06:23:02.703Z] <<< [apiv2][body] GET https://firebase.googleapis.com/v1beta1/projects/arghyapal-ab {"error":{"code":401,"message":"Request had invalid authentication credentials. Expected OAuth 2 access token, login cookie or other valid authentication credential. See https://developers.google.com/identity/sign-in/web/devconsole-project.","status":"UNAUTHENTICATED"}}
[debug] [2023-10-17T06:23:02.704Z] HTTP Error: 401, Request had invalid authentication credentials. Expected OAuth 2 access token, login cookie or other valid authentication credential. See https://developers.google.com/identity/sign-in/web/devconsole-project.
[debug] [2023-10-17T06:23:03.012Z] FirebaseError: HTTP Error: 401, Request had invalid authentication credentials. Expected OAuth 2 access token, login cookie or other valid authentication credential. See https://developers.google.com/identity/sign-in/web/devconsole-project.
    at responseToError (C:\Users\ARGHYA\AppData\Roaming\npm\node_modules\firebase-tools\lib\responseToError.js:49:12)
    at RetryOperation._fn (C:\Users\ARGHYA\AppData\Roaming\npm\node_modules\firebase-tools\lib\apiv2.js:288:77)
    at process.processTicksAndRejections (node:internal/process/task_queues:95:5)
[error] 
[error] Error: Failed to get Firebase project arghyapal-ab. Please make sure the project exists and your account has permission to access it.
